<?xml version="1.0" encoding="UTF-8"?>
<testng-results ignored="0" total="3" passed="3" failed="0" skipped="0">
  <reporter-output>
  </reporter-output>
  <suite started-at="2024-02-05T11:39:24 GMT" name="Default suite" finished-at="2024-02-05T11:39:57 GMT" duration-ms="32595">
    <groups>
    </groups>
    <test started-at="2024-02-05T11:39:24 GMT" name="Default test" finished-at="2024-02-05T11:39:57 GMT" duration-ms="32595">
      <class name="tests.AddExistingWallet1">
        <test-method is-config="true" signature="setup()[pri:0, instance:tests.AddExistingWallet1@402c4085]" started-at="2024-02-05T11:39:24 GMT" name="setup" finished-at="2024-02-05T11:39:38 GMT" duration-ms="14130" status="PASS">
          <reporter-output>
          </reporter-output>
        </test-method> <!-- setup -->
        <test-method signature="getStarted()[pri:1, instance:tests.AddExistingWallet1@402c4085]" started-at="2024-02-05T11:39:38 GMT" name="getStarted" finished-at="2024-02-05T11:39:42 GMT" duration-ms="3453" status="PASS">
          <reporter-output>
          </reporter-output>
        </test-method> <!-- getStarted -->
        <test-method signature="createWallet()[pri:2, instance:tests.AddExistingWallet1@402c4085]" started-at="2024-02-05T11:39:42 GMT" name="createWallet" finished-at="2024-02-05T11:39:52 GMT" duration-ms="9784" status="PASS">
          <reporter-output>
          </reporter-output>
        </test-method> <!-- createWallet -->
        <test-method signature="addExistingWallet()[pri:3, instance:tests.AddExistingWallet1@402c4085]" started-at="2024-02-05T11:39:52 GMT" name="addExistingWallet" finished-at="2024-02-05T11:39:57 GMT" duration-ms="5134" status="PASS">
          <reporter-output>
          </reporter-output>
        </test-method> <!-- addExistingWallet -->
      </class> <!-- tests.AddExistingWallet1 -->
    </test> <!-- Default test -->
  </suite> <!-- Default suite -->
</testng-results>
