<?xml version="1.0" encoding="UTF-8"?>
<!-- Generated by org.testng.reporters.JUnitXMLReporter -->
<testsuite ignored="0" hostname="Harshitha_Nag" failures="0" tests="3" name="Default test" time="32.595" errors="0" timestamp="2024-02-05T11:39:57 GMT">
  <testcase classname="tests.GetStarted1" name="getStarted" time="3.453"/>
  <testcase classname="tests.CreateWallet1" name="createWallet" time="9.784"/>
  <testcase classname="tests.AddExistingWallet1" name="addExistingWallet" time="5.134"/>
</testsuite> <!-- Default test -->
